<?xml version="1.0" encoding="UTF-8"?>
<!-- Generated by org.testng.reporters.JUnitReportReporter -->
<testsuite hostname="JV-LAP093" failures="0" tests="1" name="monitoring.SQmonitoring" time="0.000" errors="0" timestamp="2024-07-04T14:49:02 NPT" skipped="1">
  <testcase classname="monitoring.SQmonitoring" name="test1" time="0.000">
    <skipped/>
  </testcase> <!-- test1 -->
  <system-out/>
</testsuite> <!-- monitoring.SQmonitoring -->
