<?xml version="1.0" encoding="UTF-8"?>
<!-- Generated by org.testng.reporters.JUnitReportReporter -->
<testsuite hostname="JV-LAP093" failures="0" tests="1" name="monitoring.LoginTest_SQ" time="11.545" errors="0" timestamp="2024-08-06T14:14:32 NPT" skipped="0">
  <testcase classname="monitoring.LoginTest_SQ" name="LoginTest" time="11.545"/>
  <system-out/>
</testsuite> <!-- monitoring.LoginTest_SQ -->
