<?xml version="1.0" encoding="UTF-8"?>
<!-- Generated by org.testng.reporters.JUnitReportReporter -->
<testsuite hostname="JV-LAP093" failures="0" tests="7" name="automated.SystemSnapshot" time="42.748" errors="0" timestamp="2024-08-07T21:41:02 NPT" skipped="0">
  <testcase classname="automated.SystemSnapshot" name="loginTest" time="10.975"/>
  <system-out/>
  <testcase classname="automated.SystemSnapshot" name="casesQueueTest" time="5.244"/>
  <system-out/>
  <testcase classname="automated.SystemSnapshot" name="myOpenRfqTest" time="5.310"/>
  <system-out/>
  <testcase classname="automated.SystemSnapshot" name="myTrainingRfqTest" time="5.291"/>
  <system-out/>
  <testcase classname="automated.SystemSnapshot" name="myActiveQuotesTest" time="5.288"/>
  <system-out/>
  <testcase classname="automated.SystemSnapshot" name="globalSearchTest" time="5.291"/>
  <system-out/>
  <testcase classname="automated.SystemSnapshot" name="createCustomerRFQTest" time="5.349"/>
  <system-out/>
</testsuite> <!-- automated.SystemSnapshot -->
