<?xml version="1.0" encoding="UTF-8"?>
<!-- Generated by org.testng.reporters.JUnitReportReporter -->
<testsuite hostname="JV-LAP093" failures="0" tests="1" name="tests.FlowTest" time="27.600" errors="0" timestamp="2024-07-12T14:25:04 NPT" skipped="0">
  <testcase classname="tests.FlowTest" name="search_SF" time="27.600"/>
  <system-out/>
</testsuite> <!-- tests.FlowTest -->
