<?xml version="1.0" encoding="UTF-8"?>
<!-- Generated by org.testng.reporters.JUnitReportReporter -->
<testsuite hostname="JV-LAP093" failures="0" tests="2" name="monitoring.SQmonitoring" time="174.462" errors="0" timestamp="2024-07-10T10:29:32 NPT" skipped="0">
  <testcase classname="monitoring.SQmonitoring" name="monitoring_messages" time="79.825"/>
  <system-out/>
  <testcase classname="monitoring.SQmonitoring" name="monitor_caseEmails" time="94.637"/>
  <system-out/>
</testsuite> <!-- monitoring.SQmonitoring -->
