<?xml version="1.0" encoding="UTF-8"?>
<!-- Generated by org.testng.reporters.JUnitReportReporter -->
<testsuite hostname="JV-LAP093" failures="0" tests="1" name="tests.template" time="2.983" errors="0" timestamp="2024-07-03T16:31:10 NPT" skipped="0">
  <testcase classname="tests.template" name="test1" time="2.983"/>
  <system-out/>
</testsuite> <!-- tests.template -->
