<?xml version="1.0" encoding="UTF-8"?>
<!-- Generated by org.testng.reporters.JUnitReportReporter -->
<testsuite hostname="JV-LAP093" failures="0" tests="1" name="monitoring.LoginTest_SQ" time="6.507" errors="0" timestamp="2024-07-03T19:14:14 NPT" skipped="0">
  <testcase classname="monitoring.LoginTest_SQ" name="LoginTest" time="6.507"/>
  <system-out/>
</testsuite> <!-- monitoring.LoginTest_SQ -->
