<?xml version="1.0" encoding="UTF-8"?>
<!-- Generated by org.testng.reporters.JUnitReportReporter -->
<testsuite hostname="JV-LAP093" failures="0" tests="2" name="monitoring.SQmonitoring" time="29.285" errors="0" timestamp="2024-08-06T14:14:32 NPT" skipped="0">
  <testcase classname="monitoring.SQmonitoring" name="monitoring_messages" time="12.971"/>
  <system-out/>
  <testcase classname="monitoring.SQmonitoring" name="monitor_caseEmails" time="16.314"/>
  <system-out/>
</testsuite> <!-- monitoring.SQmonitoring -->
