<?xml version="1.0" encoding="UTF-8"?>
<!-- Generated by org.testng.reporters.JUnitReportReporter -->
<testsuite hostname="JV-LAP093" failures="0" tests="1" name="automated.SendEmails" time="594.030" errors="0" timestamp="2024-09-17T13:07:28 NPT" skipped="0">
  <testcase classname="automated.SendEmails" name="sendEmailForClassification" time="594.030"/>
  <system-out/>
</testsuite> <!-- automated.SendEmails -->
