<?xml version="1.0" encoding="UTF-8"?>
<!-- Generated by org.testng.reporters.JUnitReportReporter -->
<testsuite hostname="JV-LAP093" failures="0" tests="7" name="automated.SystemSnapshot" time="20.820" errors="0" timestamp="2024-08-07T23:54:22 NPT" skipped="0">
  <testcase classname="automated.SystemSnapshot" name="loginTest" time="11.355"/>
  <system-out/>
  <testcase classname="automated.SystemSnapshot" name="casesQueueTest" time="0.376"/>
  <system-out/>
  <testcase classname="automated.SystemSnapshot" name="myOpenRfqTest" time="2.493"/>
  <system-out/>
  <testcase classname="automated.SystemSnapshot" name="myTrainingRfqTest" time="2.014"/>
  <system-out/>
  <testcase classname="automated.SystemSnapshot" name="myActiveQuotesTest" time="2.636"/>
  <system-out/>
  <testcase classname="automated.SystemSnapshot" name="globalSearchTest" time="0.991"/>
  <system-out/>
  <testcase classname="automated.SystemSnapshot" name="createCustomerRFQTest" time="0.955"/>
  <system-out/>
</testsuite> <!-- automated.SystemSnapshot -->
