<?xml version="1.0" encoding="UTF-8"?>
<!-- Generated by org.testng.reporters.JUnitReportReporter -->
<testsuite hostname="JV-LAP093" failures="0" tests="3" name="monitoring.SQmonitoring" time="52.198" errors="0" timestamp="2024-09-30T17:51:29 NPT" skipped="0">
  <testcase classname="monitoring.SQmonitoring" name="LoginTest" time="5.922"/>
  <system-out/>
  <testcase classname="monitoring.SQmonitoring" name="monitoring_messages" time="11.892"/>
  <system-out/>
  <testcase classname="monitoring.SQmonitoring" name="monitor_caseEmails" time="34.384"/>
  <system-out/>
</testsuite> <!-- monitoring.SQmonitoring -->
