<?xml version="1.0" encoding="UTF-8"?>
<!-- Generated by org.testng.reporters.JUnitReportReporter -->
<testsuite hostname="JV-LAP093" failures="0" tests="7" name="automated.SystemSnapshot" time="27.875" errors="0" timestamp="2024-08-08T14:39:23 NPT" skipped="0">
  <testcase classname="automated.SystemSnapshot" name="loginTest" time="11.237"/>
  <system-out/>
  <testcase classname="automated.SystemSnapshot" name="casesQueueTest" time="0.436"/>
  <system-out/>
  <testcase classname="automated.SystemSnapshot" name="myOpenRfqTest" time="5.124"/>
  <system-out/>
  <testcase classname="automated.SystemSnapshot" name="myTrainingRfqTest" time="4.227"/>
  <system-out/>
  <testcase classname="automated.SystemSnapshot" name="myActiveQuotesTest" time="2.638"/>
  <system-out/>
  <testcase classname="automated.SystemSnapshot" name="globalSearchTest" time="3.168"/>
  <system-out/>
  <testcase classname="automated.SystemSnapshot" name="createCustomerRFQTest" time="1.045"/>
  <system-out/>
</testsuite> <!-- automated.SystemSnapshot -->
