<?xml version="1.0" encoding="UTF-8"?>
<!-- Generated by org.testng.reporters.JUnitReportReporter -->
<testsuite hostname="JV-LAP093" failures="0" tests="1" name="monitoring.SQmonitoring" time="1.441" errors="0" timestamp="2024-07-03T19:14:14 NPT" skipped="0">
  <testcase classname="monitoring.SQmonitoring" name="test1" time="1.441"/>
  <system-out/>
</testsuite> <!-- monitoring.SQmonitoring -->
