<?xml version="1.0" encoding="UTF-8"?>
<!-- Generated by org.testng.reporters.JUnitReportReporter -->
<testsuite hostname="JV-LAP093" failures="0" tests="1" name="automated.SendEmails" time="546.575" errors="0" timestamp="2024-08-08T12:10:35 NPT" skipped="0">
  <testcase classname="automated.SendEmails" name="sendEmailForClassification" time="546.575"/>
  <system-out/>
</testsuite> <!-- automated.SendEmails -->
